<?xml version="1.0" encoding="UTF-8"?>
<!-- Generated by org.testng.reporters.JUnitReportReporter -->
<testsuite hostname="venkat" name="google.free.codes.googlevideos" tests="1" failures="0" timestamp="10 Aug 2016 07:12:37 GMT" time="2.272" errors="0">
  <testcase name="videos" time="2.272" classname="google.free.codes.googlevideos"/>
</testsuite> <!-- google.free.codes.googlevideos -->
