<?xml version="1.0" encoding="UTF-8"?>
<!-- Generated by org.testng.reporters.JUnitReportReporter -->
<testsuite hostname="venkat" name="google.free.codes.Googlecodes" tests="2" failures="0" timestamp="10 Aug 2016 07:12:37 GMT" time="3.493" errors="0">
  <testcase name="googlesearching" time="3.492" classname="google.free.codes.Googlecodes"/>
  <testcase name="search" time="0.001" classname="google.free.codes.Googlecodes"/>
</testsuite> <!-- google.free.codes.Googlecodes -->
