<?xml version="1.0" encoding="UTF-8"?>
<!-- Generated by org.testng.reporters.JUnitReportReporter -->
<testsuite hostname="venkat" name="google.free.codes.Googlenews" tests="1" failures="0" timestamp="10 Aug 2016 07:12:37 GMT" time="1.109" errors="0">
  <testcase name="news" time="1.109" classname="google.free.codes.Googlenews"/>
</testsuite> <!-- google.free.codes.Googlenews -->
