<?xml version="1.0" encoding="UTF-8"?>
<!-- Generated by org.testng.reporters.JUnitReportReporter -->
<testsuite hostname="venkat" name="google.free.codes.Googlemaps" tests="1" failures="0" timestamp="10 Aug 2016 07:12:37 GMT" time="3.953" errors="0">
  <testcase name="mapclick" time="3.953" classname="google.free.codes.Googlemaps"/>
</testsuite> <!-- google.free.codes.Googlemaps -->
