<?xml version="1.0" encoding="UTF-8"?>
<!-- Generated by org.testng.reporters.JUnitReportReporter -->
<testsuite hostname="venkat" name="Sample" tests="3" failures="0" timestamp="13 Aug 2016 06:26:07 GMT" time="74.272" errors="0">
  <testcase name="frame3HandleTest" time="4.486" classname="Sample"/>
  <testcase name="frame2HandleTest" time="25.348" classname="Sample"/>
  <testcase name="frame1HandleTest" time="44.438" classname="Sample"/>
</testsuite> <!-- Sample -->
