<?xml version="1.0" encoding="UTF-8"?>
<!-- Generated by org.testng.reporters.JUnitReportReporter -->
<testsuite hostname="venkat" name="pageobjectmodel.Gmailpage" tests="4" failures="0" timestamp="10 Aug 2016 07:24:24 GMT" time="5.277" errors="0">
  <testcase name="password" time="1.043" classname="pageobjectmodel.Gmailpage"/>
  <testcase name="signin" time="0.607" classname="pageobjectmodel.Gmailpage"/>
  <testcase name="username" time="0.310" classname="pageobjectmodel.Gmailpage"/>
  <testcase name="gmaillogin" time="3.317" classname="pageobjectmodel.Gmailpage"/>
</testsuite> <!-- pageobjectmodel.Gmailpage -->
