<?xml version="1.0" encoding="UTF-8"?>
<!-- Generated by org.testng.reporters.JUnitReportReporter -->
<testsuite hostname="venkat" name="icicinetbanking" tests="1" failures="0" timestamp="30 Aug 2016 08:17:20 GMT" time="11.937" errors="0">
  <testcase name="login" time="11.937" classname="icicinetbanking"/>
</testsuite> <!-- icicinetbanking -->
