<?xml version="1.0" encoding="UTF-8"?>
<!-- Generated by org.testng.reporters.JUnitReportReporter -->
<testsuite hostname="venkat" name="tests.SMSCollectiontest" tests="2" failures="0" timestamp="1 Sep 2016 07:21:06 GMT" time="50.960" errors="0">
  <testcase name="Invalidcollection" time="36.385" classname="tests.SMSCollectiontest"/>
  <testcase name="validcollection" time="14.575" classname="tests.SMSCollectiontest"/>
</testsuite> <!-- tests.SMSCollectiontest -->
