<?xml version="1.0" encoding="UTF-8"?>
<!-- Generated by org.testng.reporters.JUnitReportReporter -->
<testsuite hostname="venkat" name="tests.sendsmstest" tests="2" failures="0" timestamp="31 Aug 2016 10:06:07 GMT" time="32.619" errors="0">
  <testcase name="Invalidsendsms" time="16.721" classname="tests.sendsmstest"/>
  <testcase name="validsendsms" time="15.898" classname="tests.sendsmstest"/>
</testsuite> <!-- tests.sendsmstest -->
