<?xml version="1.0" encoding="UTF-8"?>
<!-- Generated by org.testng.reporters.JUnitReportReporter -->
<testsuite hostname="venkat" name="tests.Flipkartlinktest" tests="1" failures="0" timestamp="31 Aug 2016 10:05:08 GMT" time="20.603" errors="0">
  <testcase name="window" time="20.603" classname="tests.Flipkartlinktest"/>
</testsuite> <!-- tests.Flipkartlinktest -->
