<?xml version="1.0" encoding="UTF-8"?>
<!-- Generated by org.testng.reporters.JUnitReportReporter -->
<testsuite hostname="venkat" name="tests.Sentsmstest" tests="1" failures="0" timestamp="1 Sep 2016 05:05:45 GMT" time="19.060" errors="0">
  <testcase name="validtest" time="19.060" classname="tests.Sentsmstest"/>
</testsuite> <!-- tests.Sentsmstest -->
