<?xml version="1.0" encoding="UTF-8"?>
<!-- Generated by org.testng.reporters.JUnitReportReporter -->
<testsuite hostname="venkat" name="seleniumtestngframeworks.Googlesearch" tests="1" failures="0" timestamp="8 Aug 2016 09:05:52 GMT" time="3.746" errors="0">
  <testcase name="googlesearching" time="3.746" classname="seleniumtestngframeworks.Googlesearch"/>
</testsuite> <!-- seleniumtestngframeworks.Googlesearch -->
