<?xml version="1.0" encoding="UTF-8"?>
<!-- Generated by org.testng.reporters.JUnitReportReporter -->
<testsuite hostname="venkat" name="selenium.testng.frames.Googlesearch" tests="2" failures="0" timestamp="26 Aug 2016 06:16:29 GMT" time="2.776" errors="0">
  <testcase name="search" time="0.001" classname="selenium.testng.frames.Googlesearch"/>
  <testcase name="googlesearching" time="2.775" classname="selenium.testng.frames.Googlesearch"/>
</testsuite> <!-- selenium.testng.frames.Googlesearch -->
