<?xml version="1.0" encoding="UTF-8"?>
<!-- Generated by org.testng.reporters.JUnitReportReporter -->
<testsuite hostname="viswas-PC" name="Testnghierarchy" tests="6" failures="0" timestamp="6 Aug 2016 04:11:36 GMT" time="0.092" errors="0">
  <testcase name="test5" time="0.002" classname="Testnghierarchy"/>
  <testcase name="test4" time="0.005" classname="Testnghierarchy"/>
  <testcase name="test6" time="0.002" classname="Testnghierarchy"/>
  <testcase name="test3" time="0.002" classname="Testnghierarchy"/>
  <testcase name="test2" time="0.071" classname="Testnghierarchy"/>
  <testcase name="test1" time="0.010" classname="Testnghierarchy"/>
</testsuite> <!-- Testnghierarchy -->
