<?xml version="1.0" encoding="UTF-8"?>
<!-- Generated by org.testng.reporters.JUnitReportReporter -->
<testsuite hostname="venkat" name="selenium.testng.frames.Googlemaps" tests="1" failures="0" timestamp="26 Aug 2016 06:16:29 GMT" time="3.510" errors="0">
  <testcase name="mapclick" time="3.510" classname="selenium.testng.frames.Googlemaps"/>
</testsuite> <!-- selenium.testng.frames.Googlemaps -->
