<?xml version="1.0" encoding="UTF-8"?>
<!-- Generated by org.testng.reporters.JUnitReportReporter -->
<testsuite hostname="venkat" name="Googlesearch" tests="1" failures="0" timestamp="8 Aug 2016 08:49:04 GMT" time="3.452" errors="0">
  <testcase name="googlesearching" time="3.452" classname="Googlesearch"/>
</testsuite> <!-- Googlesearch -->
