<?xml version="1.0" encoding="UTF-8"?>
<!-- Generated by org.testng.reporters.JUnitReportReporter -->
<testsuite hostname="venkat" name="tests.Packtpubregistertests" tests="2" failures="0" timestamp="17 Aug 2016 10:25:48 GMT" time="37.811" errors="0">
  <testcase name="Invalidregister" time="19.014" classname="tests.Packtpubregistertests"/>
  <testcase name="validregister" time="18.797" classname="tests.Packtpubregistertests"/>
</testsuite> <!-- tests.Packtpubregistertests -->
