<?xml version="1.0" encoding="UTF-8"?>
<!-- Generated by org.testng.reporters.JUnitReportReporter -->
<testsuite hostname="venkat" name="tests.Way2smslogouttests" tests="1" failures="0" timestamp="20 Aug 2016 09:31:11 GMT" time="3.480" errors="0">
  <testcase name="logout" time="3.480" classname="tests.Way2smslogouttests"/>
</testsuite> <!-- tests.Way2smslogouttests -->
