<?xml version="1.0" encoding="UTF-8"?>
<!-- Generated by org.testng.reporters.JUnitReportReporter -->
<testsuite hostname="venkat" name="tests.Packtpubsignintests" tests="2" failures="0" timestamp="26 Aug 2016 04:56:10 GMT" time="44.062" errors="0">
  <testcase name="InvalidsignIn" time="23.616" classname="tests.Packtpubsignintests"/>
  <testcase name="validsignIn" time="20.446" classname="tests.Packtpubsignintests"/>
</testsuite> <!-- tests.Packtpubsignintests -->
