<?xml version="1.0" encoding="UTF-8"?>
<!-- Generated by org.testng.reporters.JUnitReportReporter -->
<testsuite hostname="venkat" name="tests.Way2smslogintests" tests="2" failures="0" timestamp="26 Aug 2016 05:06:36 GMT" time="61.556" errors="0">
  <testcase name="validsignIn" time="21.880" classname="tests.Way2smslogintests"/>
  <testcase name="InvalidsignIn" time="39.676" classname="tests.Way2smslogintests"/>
</testsuite> <!-- tests.Way2smslogintests -->
